Start testing: May 16 01:54 PST
----------------------------------------------------------
1/5 Testing: TestSerializePhyNEOForce
1/5 Test: TestSerializePhyNEOForce
Command: "/home/am3-peichenzhong-group/Documents/project/test_MPID_DMFF/init_mpid_plugin/OpenMMPhyNEOPlugin/build_clean/serialization/tests/TestSerializePhyNEOForce"
Directory: /home/am3-peichenzhong-group/Documents/project/test_MPID_DMFF/init_mpid_plugin/OpenMMPhyNEOPlugin/build_clean/serialization/tests
"TestSerializePhyNEOForce" start time: May 16 01:54 PST
Output:
----------------------------------------------------------
Done
<end of output>
Test time =   0.00 sec
----------------------------------------------------------
Test Passed.
"TestSerializePhyNEOForce" end time: May 16 01:54 PST
"TestSerializePhyNEOForce" time elapsed: 00:00:00
----------------------------------------------------------

2/5 Testing: TestReferencePhyNEOForce
2/5 Test: TestReferencePhyNEOForce
Command: "/home/am3-peichenzhong-group/Documents/project/test_MPID_DMFF/init_mpid_plugin/OpenMMPhyNEOPlugin/build_clean/platforms/reference/tests/TestReferencePhyNEOForce"
Directory: /home/am3-peichenzhong-group/Documents/project/test_MPID_DMFF/init_mpid_plugin/OpenMMPhyNEOPlugin/build_clean/platforms/reference/tests
"TestReferencePhyNEOForce" start time: May 16 01:54 PST
Output:
----------------------------------------------------------
TestReferencePhyNEOForce running test...
Done
<end of output>
Test time =   4.28 sec
----------------------------------------------------------
Test Passed.
"TestReferencePhyNEOForce" end time: May 16 01:54 PST
"TestReferencePhyNEOForce" time elapsed: 00:00:04
----------------------------------------------------------

3/5 Testing: TestCudaPhyNEOForceSingle
3/5 Test: TestCudaPhyNEOForceSingle
Command: "/home/am3-peichenzhong-group/Documents/project/test_MPID_DMFF/init_mpid_plugin/OpenMMPhyNEOPlugin/build_clean/platforms/cuda/tests/TestCudaPhyNEOForce" "single"
Directory: /home/am3-peichenzhong-group/Documents/project/test_MPID_DMFF/init_mpid_plugin/OpenMMPhyNEOPlugin/build_clean/platforms/cuda/tests
"TestCudaPhyNEOForceSingle" start time: May 16 01:54 PST
Output:
----------------------------------------------------------
TestCudaPhyNEOForce running test...
Done
<end of output>
Test time =   1.93 sec
----------------------------------------------------------
Test Passed.
"TestCudaPhyNEOForceSingle" end time: May 16 01:54 PST
"TestCudaPhyNEOForceSingle" time elapsed: 00:00:01
----------------------------------------------------------

4/5 Testing: TestCudaPhyNEOForceMixed
4/5 Test: TestCudaPhyNEOForceMixed
Command: "/home/am3-peichenzhong-group/Documents/project/test_MPID_DMFF/init_mpid_plugin/OpenMMPhyNEOPlugin/build_clean/platforms/cuda/tests/TestCudaPhyNEOForce" "mixed"
Directory: /home/am3-peichenzhong-group/Documents/project/test_MPID_DMFF/init_mpid_plugin/OpenMMPhyNEOPlugin/build_clean/platforms/cuda/tests
"TestCudaPhyNEOForceMixed" start time: May 16 01:54 PST
Output:
----------------------------------------------------------
TestCudaPhyNEOForce running test...
Done
<end of output>
Test time =   1.88 sec
----------------------------------------------------------
Test Passed.
"TestCudaPhyNEOForceMixed" end time: May 16 01:54 PST
"TestCudaPhyNEOForceMixed" time elapsed: 00:00:01
----------------------------------------------------------

5/5 Testing: TestCudaPhyNEOForceDouble
5/5 Test: TestCudaPhyNEOForceDouble
Command: "/home/am3-peichenzhong-group/Documents/project/test_MPID_DMFF/init_mpid_plugin/OpenMMPhyNEOPlugin/build_clean/platforms/cuda/tests/TestCudaPhyNEOForce" "double"
Directory: /home/am3-peichenzhong-group/Documents/project/test_MPID_DMFF/init_mpid_plugin/OpenMMPhyNEOPlugin/build_clean/platforms/cuda/tests
"TestCudaPhyNEOForceDouble" start time: May 16 01:54 PST
Output:
----------------------------------------------------------
TestCudaPhyNEOForce running test...
Done
<end of output>
Test time =   1.99 sec
----------------------------------------------------------
Test Passed.
"TestCudaPhyNEOForceDouble" end time: May 16 01:54 PST
"TestCudaPhyNEOForceDouble" time elapsed: 00:00:01
----------------------------------------------------------

End testing: May 16 01:54 PST
